<?xml version="1.0" encoding="utf-8"?>
<test-run id="2" testcasecount="0" result="Passed" total="0" passed="0" failed="0" inconclusive="0" skipped="0" asserts="0" engine-version="3.5.0.0" clr-version="4.0.30319.42000" start-time="2025-09-22 14:15:04Z" end-time="2025-09-22 14:15:04Z" duration="0.0125276">
  <test-suite type="TestSuite" id="1000" name="TestAdventureProject" fullname="TestAdventureProject" runstate="Runnable" testcasecount="507" result="Passed" start-time="2025-09-22 14:15:04Z" end-time="2025-09-22 14:15:04Z" duration="0.012528" total="0" passed="0" failed="0" inconclusive="0" skipped="0" asserts="0">
    <properties>
      <property name="platform" value="EditMode" />
    </properties>
  </test-suite>
</test-run>